<?xml version="1.0" encoding="UTF-8"?>
<!-- Generated by org.testng.reporters.JUnitReportReporter -->
<testsuite hostname="RUTIK" failures="0" tests="7" name="com.reqres.testCases.TC02_Get_Single_User" time="0.017" errors="0" timestamp="2022-11-01T10:33:39 IST" skipped="0">
  <testcase classname="com.reqres.testCases.TC02_Get_Single_User" name="checkContentEncoding" time="0.003"/>
  <system-out/>
  <testcase classname="com.reqres.testCases.TC02_Get_Single_User" name="checkResponseTime" time="0.003"/>
  <system-out/>
  <testcase classname="com.reqres.testCases.TC02_Get_Single_User" name="checkContentType" time="0.002"/>
  <system-out/>
  <testcase classname="com.reqres.testCases.TC02_Get_Single_User" name="checkStatusCode" time="0.002"/>
  <system-out/>
  <testcase classname="com.reqres.testCases.TC02_Get_Single_User" name="checkStatusLine" time="0.002"/>
  <system-out/>
  <testcase classname="com.reqres.testCases.TC02_Get_Single_User" name="checkServer" time="0.002"/>
  <system-out/>
  <testcase classname="com.reqres.testCases.TC02_Get_Single_User" name="checkResponseBody" time="0.003"/>
  <system-out/>
</testsuite> <!-- com.reqres.testCases.TC02_Get_Single_User -->
