<?xml version="1.0" encoding="UTF-8"?>
<!-- Generated by org.testng.reporters.JUnitReportReporter -->
<testsuite hostname="RUTIK" failures="0" tests="5" name="com.reqres.testCases.TC05_Delete_User_Record" time="0.012" errors="0" timestamp="2022-11-01T10:33:39 IST" skipped="0">
  <testcase classname="com.reqres.testCases.TC05_Delete_User_Record" name="checkResponseBody" time="0.004"/>
  <system-out/>
  <testcase classname="com.reqres.testCases.TC05_Delete_User_Record" name="checkStatusLine" time="0.003"/>
  <system-out/>
  <testcase classname="com.reqres.testCases.TC05_Delete_User_Record" name="checkServer" time="0.003"/>
  <system-out/>
  <testcase classname="com.reqres.testCases.TC05_Delete_User_Record" name="checkResponseTime" time="0.001"/>
  <system-out/>
  <testcase classname="com.reqres.testCases.TC05_Delete_User_Record" name="checkStatusCode" time="0.001"/>
  <system-out/>
</testsuite> <!-- com.reqres.testCases.TC05_Delete_User_Record -->
